2025-09-19 21:51:16,092 - 1 fastas found
2025-09-19 21:51:16,093 - Checking for duplicate names
2025-09-19 21:51:16,095 - No duplicate names found
2025-09-19 21:51:16,095 - Starting the Viral Annotation of Genes with database configuration: 
 

KOfam db:
    Citation: T. Aramaki, R. Blanc-Mathieu, H. Endo, K. Ohkubo, M. Kanehisa, S. Goto, and H. Ogata, "Kofamkoala: Kegg ortholog assignment based on profile hmm and adaptive score threshold," Bioinformatics, vol. 36, no. 7, pp. 2251–2252, 2020.
KOfam KO list:
    Citation: T. Aramaki, R. Blanc-Mathieu, H. Endo, K. Ohkubo, M. Kanehisa, S. Goto, and H. Ogata, "Kofamkoala: Kegg ortholog assignment based on profile hmm and adaptive score threshold," Bioinformatics, vol. 36, no. 7, pp. 2251–2252, 2020.
Pfam db:
    Citation: J. Mistry, S. Chuguransky, L. Williams, M. Qureshi, G. A. Salazar, E. L. Sonnhammer, S. C. Tosatto, L. Paladin, S. Raj, L. J. Richardson et al., "Pfam: The protein families database in 2021," Nucleic acids research, vol. 49, no. D1, pp. D412–D419, 2021.
    Description_Db_Updated: 08/20/2023, 13:03:09
dbCAN db:
    Citation: Y. Yin, X. Mao, J. Yang, X. Chen, F. Mao, and Y. Xu, "dbcan: a web resource for automated carbohydrate-active enzyme annotation," Nucleic acids research, vol. 40, no. W1, pp. W445–W451, 2012.
    Version: 11
    Download Time: 08/08/2023, 18:37:55
    Origin: Downloaded by DRAM
    Description_Db_Updated: 08/20/2023, 13:03:11
RefSeq Viral db:
    Description_Db_Updated: 08/20/2023, 13:02:43
    Citation: J. R. Brister, D. Ako-Adjei, Y. Bao, and O. Blinkova, "Ncbi viral genomes resource," Nucleic acids research, vol. 43, no. D1, pp. D571–D577, 2015. [3] M. Kanehisa, M. Furumichi, Y. Sato, M. Ishiguro-Watanabe, and M. Tan-abe, "Kegg: integrating viruses and cellular organisms," Nucleic acids research, vol. 49, no. D1, pp. D545–D551, 2021.
    Viral_Files: 1
MEROPS peptidase db:
    Description_Db_Updated: 08/20/2023, 13:03:09
    Citation: N. D. Rawlings, A. J. Barrett, P. D. Thomas, X. Huang, A. Bateman, and R. D. Finn, "The merops database of proteolytic enzymes, their substrates and inhibitors in 2017 and a comparison with peptidases in the panther database," Nucleic acids research, vol. 46, no. D1, pp. D624–D632, 2018.
VOGDB db:
    Citation: J. Thannesberger, H.-J. Hellinger, I. Klymiuk, M.-T. Kastner, F. J. Rieder, M. Schneider, S. Fister, T. Lion, K. Kosulin, J. Laengle et al., "Viruses comprise an extensive pool of mobile genetic elements in eukaryote cell cultures and human clinical samples," The FASEB Journal, vol. 31, no. 5, pp. 1987–2000, 2017.
    Version: latest
    Description_Db_Updated: 08/20/2023, 13:03:13

Pfam hmm dat:
    Description_Db_Updated: Unknown, or Never
    Citation: J. Mistry, S. Chuguransky, L. Williams, M. Qureshi, G. A. Salazar, E. L. Sonnhammer, S. C. Tosatto, L. Paladin, S. Raj, L. J. Richardson et al., "Pfam: The protein families database in 2021," Nucleic acids research, vol. 49, no. D1, pp. D412–D419, 2021.
dbCAN family activities:
    Citation: Y. Yin, X. Mao, J. Yang, X. Chen, F. Mao, and Y. Xu, "dbcan: a web resource for automated carbohydrate-active enzyme annotation," Nucleic acids research, vol. 40, no. W1, pp. W445–W451, 2012.
    Version: 11
    Upload_Date: 08062022
    Download Time: 08/08/2023, 18:37:56
    Origin: Downloaded by DRAM
dbCAN subfamily EC numbers:
    Citation: Y. Yin, X. Mao, J. Yang, X. Chen, F. Mao, and Y. Xu, "dbcan: a web resource for automated carbohydrate-active enzyme annotation," Nucleic acids research, vol. 40, no. W1, pp. W445–W451, 2012.
    Version: 11
    Upload_Date: 08062022
    Download Time: 08/08/2023, 18:37:57
    Origin: Downloaded by DRAM
VOG annotations:
    Description_Db_Updated: Unknown, or Never
    Citation: J. Thannesberger, H.-J. Hellinger, I. Klymiuk, M.-T. Kastner, F. J. Rieder, M. Schneider, S. Fister, T. Lion, K. Kosulin, J. Laengle et al., "Viruses comprise an extensive pool of mobile genetic elements in eukaryote cell cultures and human clinical samples," The FASEB Journal, vol. 31, no. 5, pp. 1987–2000, 2017.
    Version: latest
    Download Time: 08/08/2023, 18:37:58
    Origin: Downloaded by DRAM

Genome summary form:
    Branch: master
Module step form:
    Branch: master
ETC module database:
    Branch: master
Function heatmap form:
    Branch: master
AMG database:
    Branch: master
2025-09-19 21:51:16,096 - Retrieved database locations and descriptions
2025-09-19 21:51:16,096 - Annotating final-viral-combined-for-dramv
2025-09-19 21:51:16,491 - Turning genes from prodigal to mmseqs2 db
2025-09-19 21:51:17,888 - Getting hits from kofam
2025-09-19 21:53:33,356 - Getting forward best hits from viral
2025-09-19 21:53:39,126 - Getting reverse best hits from viral
2025-09-19 21:53:41,723 - Getting descriptions of hits from viral
2025-09-19 21:53:41,756 - Getting forward best hits from peptidase
2025-09-19 21:53:49,302 - Getting reverse best hits from peptidase
2025-09-19 21:53:50,556 - Getting descriptions of hits from peptidase
2025-09-19 21:53:50,561 - Getting hits from pfam
2025-09-19 21:54:09,666 - Getting hits from dbCAN
2025-09-19 21:54:12,026 - Getting hits from VOGDB
2025-09-19 21:55:55,849 - Merging ORF annotations
2025-09-19 21:55:56,194 - No rRNAs were detected, no rrnas.tsv file will be created.
2025-09-19 21:55:56,355 - Annotations complete, processing annotations
